<?xml version="1.0"?>
<testsuites>
  <testsuite name="PhantomJS 1.9.8 (Windows 8)" package="" timestamp="2015-02-24T15:48:14" id="0" hostname="WORKSTATION">
    <properties>
      <property name="browser.fullName" value="Mozilla/5.0 (Windows NT 6.2; WOW64) AppleWebKit/534.34 (KHTML, like Gecko) PhantomJS/1.9.8 Safari/534.34"/>
    </properties>
  </testsuite>
  <testsuite name="PhantomJS 1.9.8 (Windows 8)" package="" timestamp="2015-02-24T15:48:15" id="0" hostname="WORKSTATION" tests="103" errors="0" failures="0" time="0.036">
    <properties>
      <property name="browser.fullName" value="Mozilla/5.0 (Windows NT 6.2; WOW64) AppleWebKit/534.34 (KHTML, like Gecko) PhantomJS/1.9.8 Safari/534.34"/>
    </properties>
    <testcase name="Should be defined as property of factory" time="0.001" classname="PhantomJS 1.9.8 (Windows 8).Arg"/>
    <testcase name="Should be defined" time="0" classname="PhantomJS 1.9.8 (Windows 8).Arg any - type assertion"/>
    <testcase name="Should return valid assertion function" time="0.001" classname="PhantomJS 1.9.8 (Windows 8).Arg any - type assertion"/>
    <testcase name="Should pass valid function" time="0" classname="PhantomJS 1.9.8 (Windows 8).Arg any - type assertion"/>
    <testcase name="Should pass valid object" time="0" classname="PhantomJS 1.9.8 (Windows 8).Arg any - type assertion"/>
    <testcase name="Should pass valid array" time="0" classname="PhantomJS 1.9.8 (Windows 8).Arg any - type assertion"/>
    <testcase name="Should pass valid custom type" time="0" classname="PhantomJS 1.9.8 (Windows 8).Arg any - type assertion"/>
    <testcase name="Should fail invalid argument" time="0" classname="PhantomJS 1.9.8 (Windows 8).Arg any - type assertion"/>
    <testcase name="Should be defined" time="0" classname="PhantomJS 1.9.8 (Windows 8).Arg is - type and value assertion"/>
    <testcase name="Should return valid assertion function" time="0" classname="PhantomJS 1.9.8 (Windows 8).Arg is - type and value assertion"/>
    <testcase name="Should pass valid string assertion" time="0" classname="PhantomJS 1.9.8 (Windows 8).Arg is - type and value assertion"/>
    <testcase name="Should pass valid number assertions" time="0.001" classname="PhantomJS 1.9.8 (Windows 8).Arg is - type and value assertion"/>
    <testcase name="Should pass valid object assertion" time="0" classname="PhantomJS 1.9.8 (Windows 8).Arg is - type and value assertion"/>
    <testcase name="Should pass valid arrray assertion" time="0" classname="PhantomJS 1.9.8 (Windows 8).Arg is - type and value assertion"/>
    <testcase name="Should pass valid function assertion" time="0" classname="PhantomJS 1.9.8 (Windows 8).Arg is - type and value assertion"/>
    <testcase name="Should fail invalid string assertions" time="0" classname="PhantomJS 1.9.8 (Windows 8).Arg is - type and value assertion"/>
    <testcase name="Should fail invalid number assertions" time="0.001" classname="PhantomJS 1.9.8 (Windows 8).Arg is - type and value assertion"/>
    <testcase name="Should be defined" time="0.001" classname="PhantomJS 1.9.8 (Windows 8).Arg hasState - field name and value matching"/>
    <testcase name="Should return valid assertion function" time="0" classname="PhantomJS 1.9.8 (Windows 8).Arg hasState - field name and value matching"/>
    <testcase name="Should pass valid assertions" time="0.001" classname="PhantomJS 1.9.8 (Windows 8).Arg hasState - field name and value matching"/>
    <testcase name="Should be defined" time="0" classname="PhantomJS 1.9.8 (Windows 8).jsSubstitute Factory"/>
    <testcase name="Should provide a method to create a substitute for an object" time="0" classname="PhantomJS 1.9.8 (Windows 8).jsSubstitute Factory"/>
    <testcase name="Should define arguments to specify the target for the substitute and override the error throwing behaviour" time="0" classname="PhantomJS 1.9.8 (Windows 8).jsSubstitute Factory"/>
    <testcase name="Should provide a method to configure whether substitutes throw errors on assertion failure" time="0.001" classname="PhantomJS 1.9.8 (Windows 8).jsSubstitute Factory"/>
    <testcase name="Should define an argument for the error configuration method" time="0" classname="PhantomJS 1.9.8 (Windows 8).jsSubstitute Factory"/>
    <testcase name="Should provide a method to query whether substitutes throw errors on assertion failure" time="0" classname="PhantomJS 1.9.8 (Windows 8).jsSubstitute Factory"/>
    <testcase name="Should default to not throwing errors" time="0" classname="PhantomJS 1.9.8 (Windows 8).jsSubstitute Factory"/>
    <testcase name="Should default to throwing errors if no arguments specified to method" time="0" classname="PhantomJS 1.9.8 (Windows 8).jsSubstitute Factory"/>
    <testcase name="Should report errors will be thrown if set" time="0" classname="PhantomJS 1.9.8 (Windows 8).jsSubstitute Factory"/>
    <testcase name="Should throw an error if argument is number" time="0.001" classname="PhantomJS 1.9.8 (Windows 8).jsSubstitute Factory"/>
    <testcase name="Should throw an error if argument is string" time="0.001" classname="PhantomJS 1.9.8 (Windows 8).jsSubstitute Factory"/>
    <testcase name="Should throw an error if argument is and array" time="0" classname="PhantomJS 1.9.8 (Windows 8).jsSubstitute Factory"/>
    <testcase name="Should not throw an error if argument is an object literal" time="0.001" classname="PhantomJS 1.9.8 (Windows 8).jsSubstitute Factory"/>
    <testcase name="Should not throw an error if argument is an object constructed from a function" time="0" classname="PhantomJS 1.9.8 (Windows 8).jsSubstitute Factory"/>
    <testcase name="Should not throw an error if argument is a constructor function" time="0" classname="PhantomJS 1.9.8 (Windows 8).jsSubstitute Factory"/>
    <testcase name="Should return an instance of Substitute" time="0.001" classname="PhantomJS 1.9.8 (Windows 8).jsSubstitute Factory"/>
    <testcase name="Should use configured default for throwing errors on creating substitute" time="0.001" classname="PhantomJS 1.9.8 (Windows 8).jsSubstitute Factory"/>
    <testcase name="Should define then method expected on a promise" time="0.001" classname="PhantomJS 1.9.8 (Windows 8).PromiseSubstitute"/>
    <testcase name="Should define arguments for success and error handlers" time="0" classname="PhantomJS 1.9.8 (Windows 8).PromiseSubstitute"/>
    <testcase name="Should define a method to initiate successful resolution" time="0" classname="PhantomJS 1.9.8 (Windows 8).PromiseSubstitute"/>
    <testcase name="Should support passing data on succesful resolution" time="0" classname="PhantomJS 1.9.8 (Windows 8).PromiseSubstitute"/>
    <testcase name="Should define a method to initiate failed resolution" time="0" classname="PhantomJS 1.9.8 (Windows 8).PromiseSubstitute"/>
    <testcase name="Should support passing rejection data on failed resolution" time="0" classname="PhantomJS 1.9.8 (Windows 8).PromiseSubstitute"/>
    <testcase name="Should define a method to assert that then was called" time="0" classname="PhantomJS 1.9.8 (Windows 8).PromiseSubstitute"/>
    <testcase name="Should define a method to assert that a success handler was provided to then" time="0" classname="PhantomJS 1.9.8 (Windows 8).PromiseSubstitute"/>
    <testcase name="Should define a method to assert that error handler was provided to then" time="0" classname="PhantomJS 1.9.8 (Windows 8).PromiseSubstitute"/>
    <testcase name="Should report that then was called" time="0.001" classname="PhantomJS 1.9.8 (Windows 8).PromiseSubstitute"/>
    <testcase name="Should report that then was not called" time="0" classname="PhantomJS 1.9.8 (Windows 8).PromiseSubstitute"/>
    <testcase name="Should report success handler has been provided" time="0" classname="PhantomJS 1.9.8 (Windows 8).PromiseSubstitute"/>
    <testcase name="Should report success handler has not been provided" time="0" classname="PhantomJS 1.9.8 (Windows 8).PromiseSubstitute"/>
    <testcase name="Should report error handler has been provided" time="0" classname="PhantomJS 1.9.8 (Windows 8).PromiseSubstitute"/>
    <testcase name="Should report success handler has not been provided" time="0.001" classname="PhantomJS 1.9.8 (Windows 8).PromiseSubstitute"/>
    <testcase name="Should define string property on substitute" time="0" classname="PhantomJS 1.9.8 (Windows 8).jsSubstitute Substitute Target Interface"/>
    <testcase name="Should define number property on substitute" time="0.001" classname="PhantomJS 1.9.8 (Windows 8).jsSubstitute Substitute Target Interface"/>
    <testcase name="Should define object property on substitute" time="0.001" classname="PhantomJS 1.9.8 (Windows 8).jsSubstitute Substitute Target Interface"/>
    <testcase name="Should define array property on substitute" time="0" classname="PhantomJS 1.9.8 (Windows 8).jsSubstitute Substitute Target Interface"/>
    <testcase name="Should define method on substitute" time="0" classname="PhantomJS 1.9.8 (Windows 8).jsSubstitute Substitute Target Interface"/>
    <testcase name="Should define method2 on substitute" time="0" classname="PhantomJS 1.9.8 (Windows 8).jsSubstitute Substitute Target Interface"/>
    <testcase name="Should define received method" time="0" classname="PhantomJS 1.9.8 (Windows 8).jsSubstitute Substitute Received calls"/>
    <testcase name="Should support specifying the method name and number of expected calls" time="0" classname="PhantomJS 1.9.8 (Windows 8).jsSubstitute Substitute Received calls"/>
    <testcase name="Should report method was never called" time="0" classname="PhantomJS 1.9.8 (Windows 8).jsSubstitute Substitute Received calls"/>
    <testcase name="Should report method was called at least once" time="0" classname="PhantomJS 1.9.8 (Windows 8).jsSubstitute Substitute Received calls"/>
    <testcase name="Should report method was called a specific number of times" time="0" classname="PhantomJS 1.9.8 (Windows 8).jsSubstitute Substitute Received calls"/>
    <testcase name="Should report method was not called a specific number of times" time="0.001" classname="PhantomJS 1.9.8 (Windows 8).jsSubstitute Substitute Received calls"/>
    <testcase name="Shold throw an error if method not being tracked" time="0" classname="PhantomJS 1.9.8 (Windows 8).jsSubstitute Substitute Received calls"/>
    <testcase name="Should define receivedWith method" time="0" classname="PhantomJS 1.9.8 (Windows 8).jsSubstitute Substitute Received a call with arguments"/>
    <testcase name="Should support specifying the method name" time="0.001" classname="PhantomJS 1.9.8 (Windows 8).jsSubstitute Substitute Received a call with arguments"/>
    <testcase name="Should throw an error if method not being tracked" time="0" classname="PhantomJS 1.9.8 (Windows 8).jsSubstitute Substitute Received a call with arguments"/>
    <testcase name="Should report method was never called with specified argument values" time="0" classname="PhantomJS 1.9.8 (Windows 8).jsSubstitute Substitute Received a call with arguments"/>
    <testcase name="Should report method was called at least once with specified argument values" time="0.001" classname="PhantomJS 1.9.8 (Windows 8).jsSubstitute Substitute Received a call with arguments"/>
    <testcase name="Should report method was called at least once with specified arguments using a comparer function" time="0" classname="PhantomJS 1.9.8 (Windows 8).jsSubstitute Substitute Received a call with arguments"/>
    <testcase name="Should define returns method" time="0" classname="PhantomJS 1.9.8 (Windows 8).jsSubstitute Substitute Returns on call"/>
    <testcase name="Should support specifying method name and return value" time="0" classname="PhantomJS 1.9.8 (Windows 8).jsSubstitute Substitute Returns on call"/>
    <testcase name="Should return string specified on call" time="0.001" classname="PhantomJS 1.9.8 (Windows 8).jsSubstitute Substitute Returns on call"/>
    <testcase name="Should return number specified on call" time="0" classname="PhantomJS 1.9.8 (Windows 8).jsSubstitute Substitute Returns on call"/>
    <testcase name="Should return object specified on call" time="0" classname="PhantomJS 1.9.8 (Windows 8).jsSubstitute Substitute Returns on call"/>
    <testcase name="Should return function specified on call" time="0" classname="PhantomJS 1.9.8 (Windows 8).jsSubstitute Substitute Returns on call"/>
    <testcase name="Should return last value specified" time="0" classname="PhantomJS 1.9.8 (Windows 8).jsSubstitute Substitute Returns on call"/>
    <testcase name="Should define returns method" time="0" classname="PhantomJS 1.9.8 (Windows 8).jsSubstitute Substitute Returns on call with args"/>
    <testcase name="Should support specifying method name and return value" time="0.001" classname="PhantomJS 1.9.8 (Windows 8).jsSubstitute Substitute Returns on call with args"/>
    <testcase name="Should return string specified on call" time="0.001" classname="PhantomJS 1.9.8 (Windows 8).jsSubstitute Substitute Returns on call with args"/>
    <testcase name="Should return number specified on call" time="0" classname="PhantomJS 1.9.8 (Windows 8).jsSubstitute Substitute Returns on call with args"/>
    <testcase name="Should return object specified on call" time="0" classname="PhantomJS 1.9.8 (Windows 8).jsSubstitute Substitute Returns on call with args"/>
    <testcase name="Should return function specified on call" time="0" classname="PhantomJS 1.9.8 (Windows 8).jsSubstitute Substitute Returns on call with args"/>
    <testcase name="Should return last value specified" time="0" classname="PhantomJS 1.9.8 (Windows 8).jsSubstitute Substitute Returns on call with args"/>
    <testcase name="Should define callsThrough method" time="0" classname="PhantomJS 1.9.8 (Windows 8).jsSubstitute Substitute Call through"/>
    <testcase name="Should support specifying method name" time="0.001" classname="PhantomJS 1.9.8 (Windows 8).jsSubstitute Substitute Call through"/>
    <testcase name="Should call through to underlying method when specified" time="0" classname="PhantomJS 1.9.8 (Windows 8).jsSubstitute Substitute Call through"/>
    <testcase name="Should ignore returns config if call through enabled" time="0.01" classname="PhantomJS 1.9.8 (Windows 8).jsSubstitute Substitute Call through"/>
    <testcase name="Should ignore returns promise if call through enabled" time="0" classname="PhantomJS 1.9.8 (Windows 8).jsSubstitute Substitute Call through"/>
    <testcase name="Should define returnsPromise method" time="0" classname="PhantomJS 1.9.8 (Windows 8).jsSubstitute Substitute Returns promise on method call"/>
    <testcase name="Should support specifying method name" time="0" classname="PhantomJS 1.9.8 (Windows 8).jsSubstitute Substitute Returns promise on method call"/>
    <testcase name="Should return a mock promise on method call" time="0" classname="PhantomJS 1.9.8 (Windows 8).jsSubstitute Substitute Returns promise on method call"/>
    <testcase name="Should define method to retrieve arguments for a call" time="0" classname="PhantomJS 1.9.8 (Windows 8).jsSubstitute Substitute Argument retrieval"/>
    <testcase name="Should support specifying method name and call index" time="0" classname="PhantomJS 1.9.8 (Windows 8).jsSubstitute Substitute Argument retrieval"/>
    <testcase name="Should throw error if no calls received for method" time="0.001" classname="PhantomJS 1.9.8 (Windows 8).jsSubstitute Substitute Argument retrieval"/>
    <testcase name="Should return array of arguments to specified call" time="0" classname="PhantomJS 1.9.8 (Windows 8).jsSubstitute Substitute Argument retrieval"/>
    <testcase name="Should return correct number of arguments to a specified call" time="0" classname="PhantomJS 1.9.8 (Windows 8).jsSubstitute Substitute Argument retrieval"/>
    <testcase name="Should return correct arguments to a specified call" time="0" classname="PhantomJS 1.9.8 (Windows 8).jsSubstitute Substitute Argument retrieval"/>
    <testcase name="Should return arguments for last call if no index specified" time="0" classname="PhantomJS 1.9.8 (Windows 8).jsSubstitute Substitute Argument retrieval"/>
    <testcase name="Should define method to query whether the substitute throws error on assertion failure" time="0.001" classname="PhantomJS 1.9.8 (Windows 8).jsSubstitute Substitute Assertions throwing errors"/>
    <testcase name="Should throw error on received" time="0" classname="PhantomJS 1.9.8 (Windows 8).jsSubstitute Substitute Assertions throwing errors"/>
    <testcase name="Should throw error on receivedWith" time="0" classname="PhantomJS 1.9.8 (Windows 8).jsSubstitute Substitute Assertions throwing errors"/>
    <system-out><![CDATA[
]]></system-out>
    <system-err/>
  </testsuite>
</testsuites>
